<?xml version="1.0" encoding="UTF-8"?>
<!-- Generated by org.testng.reporters.JUnitReportReporter -->
<testsuite skipped="0" hostname="DESKTOP-IRK59GC" name="test.WebDriverTest" tests="1" failures="0" timestamp="2021-11-14T22:57:06 MSK" time="3.894" errors="0">
  <testcase name="someFunctionTest" time="3.894" classname="test.WebDriverTest"/>
  <system-out/>
</testsuite> <!-- test.WebDriverTest -->
